This is pdfTeX, Version 3.14159265-2.6-1.40.19 (TeX Live 2019/dev/Debian) (preloaded format=pdflatex 2020.2.19)  19 FEB 2020 22:47
entering extended mode
 restricted \write18 enabled.
 %&-line parsing enabled.
**report.tex
(./report.tex
LaTeX2e <2018-04-01> patch level 5
(./IEEEtran.cls
Document Class: IEEEtran 2015/08/26 V1.8b by Michael Shell
-- See the "IEEEtran_HOWTO" manual for usage information.
-- http://www.michaelshell.org/tex/ieeetran/
\@IEEEtrantmpdimenA=\dimen102
\@IEEEtrantmpdimenB=\dimen103
\@IEEEtrantmpdimenC=\dimen104
\@IEEEtrantmpcountA=\count80
\@IEEEtrantmpcountB=\count81
\@IEEEtrantmpcountC=\count82
\@IEEEtrantmptoksA=\toks14
LaTeX Font Info:    Try loading font information for OT1+ptm on input line 503.

(/usr/share/texlive/texmf-dist/tex/latex/psnfss/ot1ptm.fd
File: ot1ptm.fd 2001/06/04 font definitions for OT1/ptm.
)
-- Using 8.5in x 11in (letter) paper.
-- Using PDF output.
\@IEEEnormalsizeunitybaselineskip=\dimen105
-- This is an 11 point document.
\CLASSINFOnormalsizebaselineskip=\dimen106
\CLASSINFOnormalsizeunitybaselineskip=\dimen107
\IEEEnormaljot=\dimen108
LaTeX Font Info:    Font shape `OT1/ptm/bx/n' in size <6> not available
(Font)              Font shape `OT1/ptm/b/n' tried instead on input line 1090.
LaTeX Font Info:    Font shape `OT1/ptm/bx/it' in size <6> not available
(Font)              Font shape `OT1/ptm/b/it' tried instead on input line 1090.

LaTeX Font Info:    Font shape `OT1/ptm/bx/n' in size <8> not available
(Font)              Font shape `OT1/ptm/b/n' tried instead on input line 1090.
LaTeX Font Info:    Font shape `OT1/ptm/bx/it' in size <8> not available
(Font)              Font shape `OT1/ptm/b/it' tried instead on input line 1090.

LaTeX Font Info:    Font shape `OT1/ptm/bx/n' in size <9> not available
(Font)              Font shape `OT1/ptm/b/n' tried instead on input line 1090.
LaTeX Font Info:    Font shape `OT1/ptm/bx/it' in size <9> not available
(Font)              Font shape `OT1/ptm/b/it' tried instead on input line 1090.

LaTeX Font Info:    Font shape `OT1/ptm/bx/n' in size <10> not available
(Font)              Font shape `OT1/ptm/b/n' tried instead on input line 1090.
LaTeX Font Info:    Font shape `OT1/ptm/bx/it' in size <10> not available
(Font)              Font shape `OT1/ptm/b/it' tried instead on input line 1090.

LaTeX Font Info:    Font shape `OT1/ptm/bx/n' in size <11> not available
(Font)              Font shape `OT1/ptm/b/n' tried instead on input line 1090.
LaTeX Font Info:    Font shape `OT1/ptm/bx/it' in size <11> not available
(Font)              Font shape `OT1/ptm/b/it' tried instead on input line 1090.

LaTeX Font Info:    Font shape `OT1/ptm/bx/n' in size <12> not available
(Font)              Font shape `OT1/ptm/b/n' tried instead on input line 1090.
LaTeX Font Info:    Font shape `OT1/ptm/bx/it' in size <12> not available
(Font)              Font shape `OT1/ptm/b/it' tried instead on input line 1090.

LaTeX Font Info:    Font shape `OT1/ptm/bx/n' in size <17> not available
(Font)              Font shape `OT1/ptm/b/n' tried instead on input line 1090.
LaTeX Font Info:    Font shape `OT1/ptm/bx/it' in size <17> not available
(Font)              Font shape `OT1/ptm/b/it' tried instead on input line 1090.

LaTeX Font Info:    Font shape `OT1/ptm/bx/n' in size <20> not available
(Font)              Font shape `OT1/ptm/b/n' tried instead on input line 1090.
LaTeX Font Info:    Font shape `OT1/ptm/bx/it' in size <20> not available
(Font)              Font shape `OT1/ptm/b/it' tried instead on input line 1090.

LaTeX Font Info:    Font shape `OT1/ptm/bx/n' in size <24> not available
(Font)              Font shape `OT1/ptm/b/n' tried instead on input line 1090.
LaTeX Font Info:    Font shape `OT1/ptm/bx/it' in size <24> not available
(Font)              Font shape `OT1/ptm/b/it' tried instead on input line 1090.

\IEEEquantizedlength=\dimen109
\IEEEquantizedlengthdiff=\dimen110
\IEEEquantizedtextheightdiff=\dimen111
\IEEEilabelindentA=\dimen112
\IEEEilabelindentB=\dimen113
\IEEEilabelindent=\dimen114
\IEEEelabelindent=\dimen115
\IEEEdlabelindent=\dimen116
\IEEElabelindent=\dimen117
\IEEEiednormlabelsep=\dimen118
\IEEEiedmathlabelsep=\dimen119
\IEEEiedtopsep=\skip41
\c@section=\count83
\c@subsection=\count84
\c@subsubsection=\count85
\c@paragraph=\count86
\c@IEEEsubequation=\count87
\abovecaptionskip=\skip42
\belowcaptionskip=\skip43
\c@figure=\count88
\c@table=\count89
\@IEEEeqnnumcols=\count90
\@IEEEeqncolcnt=\count91
\@IEEEsubeqnnumrollback=\count92
\@IEEEquantizeheightA=\dimen120
\@IEEEquantizeheightB=\dimen121
\@IEEEquantizeheightC=\dimen122
\@IEEEquantizeprevdepth=\dimen123
\@IEEEquantizemultiple=\count93
\@IEEEquantizeboxA=\box26
\@IEEEtmpitemindent=\dimen124
\IEEEPARstartletwidth=\dimen125
\c@IEEEbiography=\count94
\@IEEEtranrubishbin=\box27
) (./microtype.sty
Package: microtype 2019/11/18 v2.7d Micro-typographical refinements (RS)
 (/usr/share/texlive/texmf-dist/tex/latex/graphics/keyval.sty
Package: keyval 2014/10/28 v1.15 key=value parser (DPC)
\KV@toks@=\toks15
)
\MT@toks=\toks16
\MT@count=\count95
LaTeX Info: Redefining \textls on input line 790.
\MT@outer@kern=\dimen126
LaTeX Info: Redefining \textmicrotypecontext on input line 1354.
\MT@listname@count=\count96
 (/usr/share/texlive/texmf-dist/tex/latex/microtype/microtype-pdftex.def
File: microtype-pdftex.def 2018/01/14 v2.7a Definitions specific to pdftex (RS)

LaTeX Info: Redefining \lsstyle on input line 913.
LaTeX Info: Redefining \lslig on input line 913.
\MT@outer@space=\skip44
)
Package microtype Info: Loading configuration file microtype.cfg.

(/usr/share/texlive/texmf-dist/tex/latex/microtype/microtype.cfg
File: microtype.cfg 2018/01/14 v2.7a microtype main configuration file (RS)
))
(./report.aux)
\openout1 = `report.aux'.

LaTeX Font Info:    Checking defaults for OML/cmm/m/it on input line 17.
LaTeX Font Info:    ... okay on input line 17.
LaTeX Font Info:    Checking defaults for T1/cmr/m/n on input line 17.
LaTeX Font Info:    ... okay on input line 17.
LaTeX Font Info:    Checking defaults for OT1/cmr/m/n on input line 17.
LaTeX Font Info:    ... okay on input line 17.
LaTeX Font Info:    Checking defaults for OMS/cmsy/m/n on input line 17.
LaTeX Font Info:    ... okay on input line 17.
LaTeX Font Info:    Checking defaults for OMX/cmex/m/n on input line 17.
LaTeX Font Info:    ... okay on input line 17.
LaTeX Font Info:    Checking defaults for U/cmr/m/n on input line 17.
LaTeX Font Info:    ... okay on input line 17.

-- Lines per column: 52 (exact).
LaTeX Info: Redefining \microtypecontext on input line 17.
Package microtype Info: Generating PDF output.
Package microtype Info: Character protrusion enabled (level 2).
Package microtype Info: Using default protrusion set `alltext'.
Package microtype Info: Automatic font expansion enabled (level 2),
(microtype)             stretch: 50, shrink: 50, step: 1, non-selected.
Package microtype Info: Using expansion set `alltext'.
Package microtype Info: No adjustment of tracking.
Package microtype Info: No adjustment of interword spacing.
Package microtype Info: No adjustment of character kerning.
Package microtype Info: ... Loading configuration file mt-ptm.cfg.
(/usr/share/texlive/texmf-dist/tex/latex/microtype/mt-ptm.cfg
File: mt-ptm.cfg 2006/04/20 v1.7 microtype config. file: Times (RS)
)
Package microtype Info: Setting up font `OT1/ptm/m/n/11' on input line 17.
Package microtype Info: ... Loading protrusion list `ptm-default'.
Package microtype Info: ... Applying non-selected expansion (list `default').
Package microtype Info: Setting up font `OT1/ptm/m/n/9' on input line 18.
Package microtype Info: ... Loading protrusion list `ptm-default'.
Package microtype Info: ... Applying non-selected expansion (list `default').
Package microtype Info: Setting up font `OT1/ptm/m/n/24' on input line 18.
Package microtype Info: ... Loading protrusion list `ptm-default'.
Package microtype Info: ... Applying non-selected expansion (list `default').
Package microtype Info: Setting up font `OT1/ptm/m/n/12' on input line 18.
Package microtype Info: ... Loading protrusion list `ptm-default'.
Package microtype Info: ... Applying non-selected expansion (list `default').
Package microtype Info: ... Loading configuration file mt-cmr.cfg.

(/usr/share/texlive/texmf-dist/tex/latex/microtype/mt-cmr.cfg
File: mt-cmr.cfg 2013/05/19 v2.2 microtype config. file: Computer Modern Roman 
(RS)
)
Package microtype Info: Setting up font `OT1/cmr/m/n/12' on input line 18.
Package microtype Info: ... Loading protrusion list `cmr-OT1'.
Package microtype Info: ... : First loading protrusion list `cmr-default'.
Package microtype Info: ... Applying non-selected expansion (list `default').
Package microtype Info: Setting up font `OT1/cmr/m/n/8' on input line 18.
Package microtype Info: ... Loading protrusion list `cmr-OT1'.
Package microtype Info: ... : First loading protrusion list `cmr-default'.
Package microtype Info: ... Applying non-selected expansion (list `default').
Package microtype Info: Setting up font `OT1/cmr/m/n/6' on input line 18.
Package microtype Info: ... Loading protrusion list `cmr-OT1'.
Package microtype Info: ... : First loading protrusion list `cmr-default'.
Package microtype Info: ... Applying non-selected expansion (list `default').
Package microtype Info: ... No configuration file mt-cmm.cfg.
Package microtype Info: Setting up font `OML/cmm/m/it/12' on input line 18.
Package microtype Info: ... No protrusion.
Package microtype Info: ... No expansion.
Package microtype Info: Setting up font `OML/cmm/m/it/8' on input line 18.
Package microtype Info: ... No protrusion.
Package microtype Info: ... No expansion.
Package microtype Info: Setting up font `OML/cmm/m/it/6' on input line 18.
Package microtype Info: ... No protrusion.
Package microtype Info: ... No expansion.
Package microtype Info: ... No configuration file mt-cmsy.cfg.
Package microtype Info: Setting up font `OMS/cmsy/m/n/12' on input line 18.
Package microtype Info: ... No protrusion.
Package microtype Info: ... No expansion.
Package microtype Info: Setting up font `OMS/cmsy/m/n/8' on input line 18.
Package microtype Info: ... No protrusion.
Package microtype Info: ... No expansion.
Package microtype Info: Setting up font `OMS/cmsy/m/n/6' on input line 18.
Package microtype Info: ... No protrusion.
Package microtype Info: ... No expansion.
LaTeX Font Info:    External font `cmex10' loaded for size
(Font)              <12> on input line 18.
Package microtype Info: ... No configuration file mt-cmex.cfg.
Package microtype Info: Setting up font `OMX/cmex/m/n/12' on input line 18.
Package microtype Info: ... No protrusion.
Package microtype Info: ... No expansion.
LaTeX Font Info:    External font `cmex10' loaded for size
(Font)              <8> on input line 18.
Package microtype Info: Setting up font `OMX/cmex/m/n/8' on input line 18.
Package microtype Info: ... No protrusion.
Package microtype Info: ... No expansion.
LaTeX Font Info:    External font `cmex10' loaded for size
(Font)              <6> on input line 18.
Package microtype Info: Setting up font `OMX/cmex/m/n/6' on input line 18.
Package microtype Info: ... No protrusion.
Package microtype Info: ... No expansion.
LaTeX Font Info:    Try loading font information for OT1+pcr on input line 18.

(/usr/share/texlive/texmf-dist/tex/latex/psnfss/ot1pcr.fd
File: ot1pcr.fd 2001/06/04 font definitions for OT1/pcr.
)
Package microtype Info: ... No configuration file mt-pcr.cfg.
Package microtype Info: Setting up font `OT1/pcr/m/n/12' on input line 18.
Package microtype Info: ... Loading protrusion list `OT1-default'.
Package microtype Info: Loading generic protrusion settings for font family
(microtype)             `pcr' (encoding: OT1).
(microtype)             For optimal results, create family-specific settings.
(microtype)             See the microtype manual for details.
Package microtype Info: ... : First loading protrusion list `default'.
Package microtype Info: ... Applying non-selected expansion (list `default').
Package microtype Info: Setting up font `OT1/pcr/m/n/10' on input line 18.
Package microtype Info: ... Loading protrusion list `OT1-default'.
Package microtype Info: ... : First loading protrusion list `default'.
Package microtype Info: ... Applying non-selected expansion (list `default').
LaTeX Font Info:    Try loading font information for OMS+pcr on input line 18.

(/usr/share/texlive/texmf-dist/tex/latex/psnfss/omspcr.fd
File: omspcr.fd 
)
LaTeX Font Info:    Font shape `OMS/pcr/m/n' in size <10> not available
(Font)              Font shape `OMS/cmsy/m/n' tried instead on input line 18.
Package microtype Info: Setting up font `OMS/cmsy/m/n/10' on input line 18.
Package microtype Info: ... No protrusion.
Package microtype Info: ... No expansion.
Package microtype Info: Setting up font `OT1/ptm/m/n/10' on input line 20.
Package microtype Info: ... Loading protrusion list `ptm-default'.
Package microtype Info: ... Applying non-selected expansion (list `default').
Package microtype Info: Setting up font `OT1/ptm/bx/n/10' on input line 20.
Package microtype Info: ... Loading protrusion list `ptm-default'.
Package microtype Info: ... Applying non-selected expansion (list `default').
Package microtype Info: Setting up font `OT1/ptm/bx/it/10' on input line 20.
Package microtype Info: ... Loading protrusion list `ptm-it'.
Package microtype Info: ... Applying non-selected expansion (list `default').
Package microtype Info: Setting up font `OT1/ptm/m/sc/11' on input line 26.
Package microtype Info: ... Loading protrusion list `ptm-sc'.
Package microtype Info: ... : First loading protrusion list `ptm-default'.
Package microtype Info: ... Applying non-selected expansion (list `default').
Package microtype Info: Setting up font `OT1/ptm/bx/n/11' on input line 27.
Package microtype Info: ... Loading protrusion list `ptm-default'.
Package microtype Info: ... Applying non-selected expansion (list `default').
Package microtype Info: Setting up font `OT1/ptm/m/it/11' on input line 27.
Package microtype Info: ... Loading protrusion list `ptm-it'.
Package microtype Info: ... Applying non-selected expansion (list `default').
LaTeX Font Info:    Calculating math sizes for size <11> on input line 44.
Package microtype Info: Setting up font `OT1/cmr/m/n/10.95' on input line 44.
Package microtype Info: ... Loading protrusion list `cmr-OT1'.
Package microtype Info: ... : First loading protrusion list `cmr-default'.
Package microtype Info: ... Applying non-selected expansion (list `default').
Package microtype Info: Setting up font `OT1/cmr/m/n/8' on input line 44.
Package microtype Info: ... Loading protrusion list `cmr-OT1'.
Package microtype Info: ... : First loading protrusion list `cmr-default'.
Package microtype Info: ... Applying non-selected expansion (list `default').
Package microtype Info: Setting up font `OT1/cmr/m/n/5' on input line 44.
Package microtype Info: ... Loading protrusion list `cmr-OT1'.
Package microtype Info: ... : First loading protrusion list `cmr-default'.
Package microtype Info: ... Applying non-selected expansion (list `default').
Package microtype Info: Setting up font `OML/cmm/m/it/10.95' on input line 44.
Package microtype Info: ... No protrusion.
Package microtype Info: ... No expansion.
Package microtype Info: Setting up font `OML/cmm/m/it/8' on input line 44.
Package microtype Info: ... No protrusion.
Package microtype Info: ... No expansion.
Package microtype Info: Setting up font `OML/cmm/m/it/5' on input line 44.
Package microtype Info: ... No protrusion.
Package microtype Info: ... No expansion.
Package microtype Info: Setting up font `OMS/cmsy/m/n/10.95' on input line 44.
Package microtype Info: ... No protrusion.
Package microtype Info: ... No expansion.
Package microtype Info: Setting up font `OMS/cmsy/m/n/8' on input line 44.
Package microtype Info: ... No protrusion.
Package microtype Info: ... No expansion.
Package microtype Info: Setting up font `OMS/cmsy/m/n/5' on input line 44.
Package microtype Info: ... No protrusion.
Package microtype Info: ... No expansion.
LaTeX Font Info:    External font `cmex10' loaded for size
(Font)              <11> on input line 44.
Package microtype Info: Setting up font `OMX/cmex/m/n/11' on input line 44.
Package microtype Info: ... No protrusion.
Package microtype Info: ... No expansion.
LaTeX Font Info:    External font `cmex10' loaded for size
(Font)              <7.69997> on input line 44.
Package microtype Info: Setting up font `OMX/cmex/m/n/7.69997' on input line 44
.
Package microtype Info: ... No protrusion.
Package microtype Info: ... No expansion.
LaTeX Font Info:    External font `cmex10' loaded for size
(Font)              <5.5> on input line 44.
Package microtype Info: Setting up font `OMX/cmex/m/n/5.5' on input line 44.
Package microtype Info: ... No protrusion.
Package microtype Info: ... No expansion.
Package microtype Info: Setting up font `OT1/ptm/m/n/8' on input line 64.
Package microtype Info: ... Loading protrusion list `ptm-default'.
Package microtype Info: ... Applying non-selected expansion (list `default').
 [1{/var/lib/texmf/fonts/map/pdftex/updmap/pdftex.map}


] [2

] (./report.aux) ) 
Here is how much of TeX's memory you used:
 3016 strings out of 494586
 51552 string characters out of 6177802
 142563 words of memory out of 5000000
 6467 multiletter control sequences out of 15000+600000
 47161 words of font info for 206 fonts, out of 8000000 for 9000
 14 hyphenation exceptions out of 8191
 32i,9n,38p,373b,329s stack positions out of 5000i,500n,10000p,200000b,80000s
{/usr/share/texlive/texmf-dist/fonts/enc/dvips/base/8r.enc}</
usr/share/texlive/texmf-dist/fonts/type1/public/amsfonts/cm/cmsy10.pfb></usr/sh
are/texlive/texmf-dist/fonts/type1/public/amsfonts/cm/cmsy8.pfb></usr/share/tex
live/texmf-dist/fonts/type1/urw/courier/ucrr8a.pfb></usr/share/texlive/texmf-di
st/fonts/type1/urw/times/utmb8a.pfb></usr/share/texlive/texmf-dist/fonts/type1/
urw/times/utmbi8a.pfb></usr/share/texlive/texmf-dist/fonts/type1/urw/times/utmr
8a.pfb></usr/share/texlive/texmf-dist/fonts/type1/urw/times/utmri8a.pfb>
Output written on report.pdf (2 pages, 83178 bytes).
PDF statistics:
 40 PDF objects out of 1000 (max. 8388607)
 28 compressed objects within 1 object stream
 0 named destinations out of 1000 (max. 500000)
 57345 words of extra memory for PDF output out of 61914 (max. 10000000)

